{
  "stats": {
    "suites": 1,
    "tests": 1,
    "passes": 1,
    "pending": 0,
    "failures": 0,
    "start": "2024-03-05T14:19:44.446Z",
    "end": "2024-03-05T14:19:48.939Z",
    "duration": 4493,
    "testsRegistered": 1,
    "passPercent": 100,
    "pendingPercent": 0,
    "other": 0,
    "hasOther": false,
    "skipped": 0,
    "hasSkipped": false
  },
  "results": [
    {
      "uuid": "5539ae38-1d88-4100-a8fb-ddc4bc77ff33",
      "title": "",
      "fullFile": "cypress/integrations/firstTest.spec.js",
      "file": "cypress/integrations/firstTest.spec.js",
      "beforeHooks": [],
      "afterHooks": [],
      "tests": [],
      "suites": [
        {
          "uuid": "ce016164-6e83-44f7-8357-8eb35bd30c72",
          "title": "Test with backend",
          "fullFile": "",
          "file": "",
          "beforeHooks": [],
          "afterHooks": [],
          "tests": [
            {
              "title": "delete an article in global feed",
              "fullTitle": "Test with backend delete an article in global feed",
              "timedOut": null,
              "duration": 4435,
              "state": "passed",
              "speed": "fast",
              "pass": true,
              "fail": false,
              "pending": false,
              "context": null,
              "code": "const bodyRequest = {\n  article: {\n    tagList: [],\n    title: \"Request from API\",\n    description: \"API is easy\",\n    body: \"Cypress is cool\"\n  }\n};\ncy.get('@token').then(token => {\n  cy.request({\n    url: Cypress.env('apiURL') + '/api/articles',\n    headers: {\n      'Authorization': 'Token ' + token\n    },\n    method: 'POST',\n    body: bodyRequest\n  }).then(response => {\n    expect(response.status).to.equal(201);\n  });\n  navigateTo.globalFeedsPage();\n  onGlobalFeedPage.openFirstArticle();\n  onArticlePage.deleteArticle();\n  cy.request({\n    url: Cypress.env('apiURL') + '/api/articles?limit=10&offset=0',\n    headers: {\n      'Authorization': 'Token ' + token\n    },\n    method: 'Get'\n  }).its('body').then(body => {\n    expect(body.articles[0].title).not.equal(bodyRequest.article.title);\n  });\n});",
              "err": {},
              "uuid": "17135000-cd17-4b9e-9446-f5dd52f8d1f1",
              "parentUUID": "ce016164-6e83-44f7-8357-8eb35bd30c72",
              "isHook": false,
              "skipped": false
            }
          ],
          "suites": [],
          "passes": [
            "17135000-cd17-4b9e-9446-f5dd52f8d1f1"
          ],
          "failures": [],
          "pending": [],
          "skipped": [],
          "duration": 4435,
          "root": false,
          "rootEmpty": false,
          "_timeout": 2000
        }
      ],
      "passes": [],
      "failures": [],
      "pending": [],
      "skipped": [],
      "duration": 0,
      "root": true,
      "rootEmpty": true,
      "_timeout": 2000
    }
  ],
  "meta": {
    "mocha": {
      "version": "7.0.1"
    },
    "mochawesome": {
      "options": {
        "quiet": false,
        "reportFilename": "mochawesome",
        "saveHtml": false,
        "saveJson": true,
        "consoleReporter": "spec",
        "useInlineDiffs": false,
        "code": true
      },
      "version": "7.1.3"
    },
    "marge": {
      "options": {
        "id": "default",
        "reportDir": "cypress/results/mochawesome",
        "overwrite": false,
        "html": false,
        "json": true
      },
      "version": "6.2.0"
    }
  }
}