{
  "stats": {
    "suites": 1,
    "tests": 1,
    "passes": 1,
    "pending": 0,
    "failures": 0,
    "start": "2024-03-05T14:19:50.495Z",
    "end": "2024-03-05T14:19:52.989Z",
    "duration": 2494,
    "testsRegistered": 1,
    "passPercent": 100,
    "pendingPercent": 0,
    "other": 0,
    "hasOther": false,
    "skipped": 0,
    "hasSkipped": false
  },
  "results": [
    {
      "uuid": "649313b8-a199-4051-892a-b15ce69663cf",
      "title": "",
      "fullFile": "cypress/integrations/second.spec.js",
      "file": "cypress/integrations/second.spec.js",
      "beforeHooks": [],
      "afterHooks": [],
      "tests": [],
      "suites": [
        {
          "uuid": "aa47b7b2-2e32-453a-8a87-8d945004e022",
          "title": "Log out suite",
          "fullFile": "",
          "file": "",
          "beforeHooks": [],
          "afterHooks": [],
          "tests": [
            {
              "title": "logged in user can log out",
              "fullTitle": "Log out suite logged in user can log out",
              "timedOut": null,
              "duration": 2440,
              "state": "passed",
              "speed": "fast",
              "pass": true,
              "fail": false,
              "pending": false,
              "context": null,
              "code": "_navigationPage.navigateTo.settingsPage();\n_settingsPage.onSettingsPage.logout();\n_navigationPage.navigateTo.verifyLoggedOut();",
              "err": {},
              "uuid": "8e9c3474-9211-400f-8550-b49b7530407e",
              "parentUUID": "aa47b7b2-2e32-453a-8a87-8d945004e022",
              "isHook": false,
              "skipped": false
            }
          ],
          "suites": [],
          "passes": [
            "8e9c3474-9211-400f-8550-b49b7530407e"
          ],
          "failures": [],
          "pending": [],
          "skipped": [],
          "duration": 2440,
          "root": false,
          "rootEmpty": false,
          "_timeout": 2000
        }
      ],
      "passes": [],
      "failures": [],
      "pending": [],
      "skipped": [],
      "duration": 0,
      "root": true,
      "rootEmpty": true,
      "_timeout": 2000
    }
  ],
  "meta": {
    "mocha": {
      "version": "7.0.1"
    },
    "mochawesome": {
      "options": {
        "quiet": false,
        "reportFilename": "mochawesome",
        "saveHtml": false,
        "saveJson": true,
        "consoleReporter": "spec",
        "useInlineDiffs": false,
        "code": true
      },
      "version": "7.1.3"
    },
    "marge": {
      "options": {
        "id": "default",
        "reportDir": "cypress/results/mochawesome",
        "overwrite": false,
        "html": false,
        "json": true
      },
      "version": "6.2.0"
    }
  }
}