<?xml version="1.0" encoding="UTF-8"?>
<testsuites name="Mocha Tests" time="4.493" tests="1" failures="0">
  <testsuite name="Root Suite" timestamp="2024-03-05T14:19:44" tests="0" file="cypress/integrations/firstTest.spec.js" time="0.000" failures="0">
  </testsuite>
  <testsuite name="Test with backend" timestamp="2024-03-05T14:19:44" tests="1" time="4.487" failures="0">
    <testcase name="Test with backend delete an article in global feed" time="4.435" classname="delete an article in global feed">
    </testcase>
  </testsuite>
</testsuites>